###############################################################################
#
# IAR C/C++ Compiler V7.12.3.989/W32 for MSP430           21/Feb/2020  15:45:59
# Copyright 1996-2019 IAR Systems AB.
# PC-locked license - IAR Embedded Workbench for MSP430, 8K KickStart Edition 7.12
#
#    __rt_version  =  3
#    __double_size =  32
#    __reg_r4      =  free
#    __reg_r5      =  free
#    __pic         =  no
#    __core        =  430X
#    __data_model  =  small
#    __code_model  =  large
#    Source file   =  C:\Users\platy\Desktop\ECE-306_Code\Homework_06\main.c
#    Command line  =  
#        -f C:\Users\platy\AppData\Local\Temp\EWDF0.tmp
#        (C:\Users\platy\Desktop\ECE-306_Code\Homework_06\main.c -lC
#        C:\Users\platy\Desktop\ECE-306_Code\Homework_06\Debug\List -o
#        C:\Users\platy\Desktop\ECE-306_Code\Homework_06\Debug\Obj --no_cse
#        --no_unroll --no_inline --no_code_motion --no_tbaa --debug
#        -D__MSP430FR2355__ -e --double=32 --dlib_config "C:\Program Files
#        (x86)\IAR Systems\Embedded Workbench 8.0\430\lib\dlib\dl430xlsfn.h" -I
#        ./\ --core=430X --data_model=small -On --multiplier=32
#        --hw_workaround=CPU40 --code_model=large)
#    Locale        =  English_USA.1252
#    List file     =  
#        C:\Users\platy\Desktop\ECE-306_Code\Homework_06\Debug\List\main.lst
#    Object file   =  
#        C:\Users\platy\Desktop\ECE-306_Code\Homework_06\Debug\Obj\main.r43
#
###############################################################################

C:\Users\platy\Desktop\ECE-306_Code\Homework_06\main.c
      1          //------------------------------------------------------------------------------
      2          //
      3          //  Description: This file contains the Main Routine - "While" Operating System
      4          //
      5          //
      6          //  Jim Carlson
      7          //  Jan 2018
      8          //  Built with IAR Embedded Workbench Version: V4.10A/W32 (7.11.2)
      9          //------------------------------------------------------------------------------
     10          
     11          //------------------------------------------------------------------------------
     12          #include  "functions.h"
     13          #include  "msp430.h"

   \                                 In  segment DATA16_AN, at 0x130
   \   union <unnamed> _A_PM5CTL0_L
   \                     _A_PM5CTL0_L:
   \   000000                DS8 2
     14          #include "macros.h"
     15          #include <string.h>
     16          
     17          
     18          // Function Prototypes
     19          void main(void);
     20          void Init_Conditions(void);
     21          void Init_LEDs(void);
     22          
     23            // Global Variables

   \                                 In  segment DATA16_Z, align 1, align-sorted
   \   000000                REQUIRE ?cstart_init_zero
     24          volatile char slow_input_down;
   \                     slow_input_down:
   \   000000                DS8 1
     25          extern char display_line[numLines][strSize];
     26          extern char *display[numLines];

   \                                 In  segment DATA16_Z, align 1, align-sorted
   \   000000                REQUIRE ?cstart_init_zero
     27          unsigned char display_mode;
   \                     display_mode:
   \   000000                DS8 1
     28          extern volatile unsigned char display_changed;
     29          extern volatile unsigned char update_display;
     30          extern volatile unsigned int update_display_count;
     31          extern volatile unsigned int Time_Sequence;

   \                                 In  segment DATA16_Z, align 2, align-sorted
   \   000000                REQUIRE ?cstart_init_zero
     32          unsigned int prevTime_Sequence = RESET_STATE; 
   \                     prevTime_Sequence:
   \   000000                DS8 2

   \                                 In  segment DATA16_Z, align 2, align-sorted
   \   000000                REQUIRE ?cstart_init_zero
     33          unsigned int myTime = RESET_STATE;
   \                     myTime:
   \   000000                DS8 2

   \                                 In  segment DATA16_Z, align 2, align-sorted
   \   000000                REQUIRE ?cstart_init_zero
     34          unsigned int buttonState = HOLD; //initialize state to be circle
   \                     buttonState:
   \   000000                DS8 2
     35          extern volatile char one_time;

   \                                 In  segment DATA16_Z, align 2, align-sorted
   \   000000                REQUIRE ?cstart_init_zero
     36          unsigned int test_value;
   \                     test_value:
   \   000000                DS8 2

   \                                 In  segment DATA16_Z, align 1, align-sorted
   \   000000                REQUIRE ?cstart_init_zero
     37          char chosen_direction;
   \                     chosen_direction:
   \   000000                DS8 1

   \                                 In  segment DATA16_Z, align 1, align-sorted
   \   000000                REQUIRE ?cstart_init_zero
     38          char change;
   \                     change:
   \   000000                DS8 1

   \                                 In  segment DATA16_Z, align 2, align-sorted
   \   000000                REQUIRE ?cstart_init_zero
     39          unsigned int num_presses = RESET_STATE;
   \                     num_presses:
   \   000000                DS8 2
     40          extern unsigned int Display_State;
     41          

   \                                 In  segment CODE, align 2
     42          void main(void){
   \                     main:
     43          //------------------------------------------------------------------------------
     44          // Main Program
     45          // This is the main routine for the program. Execution of code starts here.
     46          // The operating system is Back Ground Fore Ground.
     47          //
     48          //------------------------------------------------------------------------------
     49          // Disable the GPIO power-on default high-impedance mode to activate
     50          // previously configured port settings
     51            PM5CTL0 &= ~LOCKLPM5;
   \   000000   92C33001     BIC.W   #0x1, &0x130
     52            Init_Ports();                        // Initialize Ports
   \   000004   ........     CALLA   #Init_Ports
     53            Init_Clocks();                       // Initialize Clock System
   \   000008   ........     CALLA   #Init_Clocks
     54            Init_Conditions();                   // Initialize Variables and Initial Conditions
   \   00000C   ........     CALLA   #Init_Conditions
     55            Init_Timers();  // Initialize Timers
   \   000010   ........     CALLA   #Init_Timers
     56            Init_LCD();                          // Initialize LCD
   \   000014   ........     CALLA   #Init_LCD
     57          // Place the contents of what you want on the display, in between the quotes
     58          // Limited to 10 characters per line
     59          //
     60          
     61            strcpy(display_line[line1], "          ");
   \   000018   3D40....     MOV.W   #`?<Constant "          ">`, R13
   \   00001C   3C40....     MOV.W   #display_line, R12
   \   000020   ........     CALLA   #strcpy
     62            update_string(display_line[line1], line1);
   \   000024   0D43         MOV.W   #0x0, R13
   \   000026   ........     CALLA   #update_string
     63            strcpy(display_line[line2], "hold      ");
   \   00002A   3D40....     MOV.W   #`?<Constant "hold      ">`, R13
   \   00002E   3C40....     MOV.W   #display_line + 11, R12
   \   000032   ........     CALLA   #strcpy
     64            update_string(display_line[line2], line2);
   \   000036   1D43         MOV.W   #0x1, R13
   \   000038   3C40....     MOV.W   #display_line + 11, R12
   \   00003C   ........     CALLA   #update_string
     65            strcpy(display_line[line3], "          ");
   \   000040   3D40....     MOV.W   #`?<Constant "          ">`, R13
   \   000044   3C40....     MOV.W   #display_line + 22, R12
   \   000048   ........     CALLA   #strcpy
     66            update_string(display_line[line3], line3);
   \   00004C   2D43         MOV.W   #0x2, R13
   \   00004E   3C40....     MOV.W   #display_line + 22, R12
   \   000052   ........     CALLA   #update_string
     67            strcpy(display_line[line4], "          ");
   \   000056   3D40....     MOV.W   #`?<Constant "          ">`, R13
   \   00005A   3C40....     MOV.W   #display_line + 33, R12
   \   00005E   ........     CALLA   #strcpy
     68            update_string(display_line[line4], line4);
   \   000062   3D400300     MOV.W   #0x3, R13
   \   000066   3C40....     MOV.W   #display_line + 33, R12
   \   00006A   ........     CALLA   #update_string
     69            enable_display_update();
   \   00006E   ........     CALLA   #enable_display_update
     70            display_changed = TRUE;
   \   000072   D243....     MOV.B   #0x1, &display_changed
     71          
     72          
     73          //------------------------------------------------------------------------------
     74          // Begining of the "While" Operating System
     75          //------------------------------------------------------------------------------
     76          while(ALWAYS){  // Can the Operating system run
     77            
     78                // Check for switch state change
     79              Display_Process(); 
   \                     ??main_0:
   \   000076   ........     CALLA   #Display_Process
     80              clock_process(); // update myTime
   \   00007A   ........     CALLA   #clock_process
   \   00007E   FB3F         JMP     ??main_0
   \   000080   0343         NOP
   \   000082                REQUIRE _A_PM5CTL0_L
     81              //Switches_Process(); //check switches
     82          
     83            }
     84          //------------------------------------------------------------------------------
     85          }

   \                                 In  segment DATA16_C, align 1, align-sorted
   \                     `?<Constant "          ">`:
   \   000000   202020202020 DC8 "          "
   \            2020202000  

   \                                 In  segment DATA16_C, align 1, align-sorted
   \                     `?<Constant "hold      ">`:
   \   000000   686F6C642020 DC8 "hold      "
   \            2020202000  
     86          
     87          
     88          

   Maximum stack usage in bytes:

   CSTACK Function
   ------ --------
      4   main
        4   -> Display_Process
        4   -> Init_Clocks
        4   -> Init_Conditions
        4   -> Init_LCD
        4   -> Init_Ports
        4   -> Init_Timers
        4   -> clock_process
        4   -> enable_display_update
        4   -> strcpy
        4   -> update_string


   Segment part sizes:

   Bytes  Function/Label
   -----  --------------
      11  ?<Constant "          ">
      11  ?<Constant "hold      ">
       2  _A_PM5CTL0_L
       2  buttonState
       1  change
       1  chosen_direction
       1  display_mode
     130  main
       2  myTime
       2  num_presses
       2  prevTime_Sequence
       1  slow_input_down
       2  test_value

 
 130 bytes in segment CODE
   2 bytes in segment DATA16_AN
  22 bytes in segment DATA16_C
  14 bytes in segment DATA16_Z
 
 130 bytes of CODE  memory
  22 bytes of CONST memory
  14 bytes of DATA  memory (+ 2 bytes shared)

Errors: none
Warnings: none
