###############################################################################
#
# IAR C/C++ Compiler V7.12.3.989/W32 for MSP430           29/Mar/2020  17:05:42
# Copyright 1996-2019 IAR Systems AB.
# PC-locked license - IAR Embedded Workbench for MSP430, 8K KickStart Edition 7.12
#
#    __rt_version  =  3
#    __double_size =  32
#    __reg_r4      =  free
#    __reg_r5      =  free
#    __pic         =  no
#    __core        =  430X
#    __data_model  =  small
#    __code_model  =  large
#    Source file   =  C:\Users\platy\Desktop\ECE-306_Code\Project_08\led.c
#    Command line  =  
#        -f C:\Users\platy\AppData\Local\Temp\EWDE82.tmp
#        (C:\Users\platy\Desktop\ECE-306_Code\Project_08\led.c -lC
#        C:\Users\platy\Desktop\ECE-306_Code\Project_08\Debug\List -o
#        C:\Users\platy\Desktop\ECE-306_Code\Project_08\Debug\Obj --no_cse
#        --no_unroll --no_inline --no_code_motion --no_tbaa --debug
#        -D__MSP430FR2355__ -e --double=32 --dlib_config "C:\Program Files
#        (x86)\IAR Systems\Embedded Workbench 8.0\430\lib\dlib\dl430xlsfn.h" -I
#        ./\ --core=430X --data_model=small -On --multiplier=32
#        --hw_workaround=CPU40 --code_model=large)
#    Locale        =  English_USA.1252
#    List file     =  
#        C:\Users\platy\Desktop\ECE-306_Code\Project_08\Debug\List\led.lst
#    Object file   =  
#        C:\Users\platy\Desktop\ECE-306_Code\Project_08\Debug\Obj\led.r43
#
###############################################################################

C:\Users\platy\Desktop\ECE-306_Code\Project_08\led.c
      1          //==============================================================================
      2          // Filename : led.c
      3          // Description: This file contains the code for LEDs
      4          // 
      5          // Author: Marcus Kok
      6          // Date: January 2020
      7          // Compiler: Built with IAR Embedded Workbench for MSP430 7.12.4
      8          //==============================================================================
      9          
     10          #include "macros.h"
     11          #include "msp430.h"

   \                                 In  segment DATA16_AN, at 0x202
   \   union <unnamed> _A_PAOUT_L
   \                     _A_PAOUT_L:
   \   000000                DS8 2

   \                                 In  segment DATA16_AN, at 0x242
   \   union <unnamed> _A_PCOUT_L
   \                     _A_PCOUT_L:
   \   000000                DS8 2
     12          

   \                                 In  segment CODE, align 2
     13          void Init_LEDs(void){
   \                     Init_LEDs:
     14          //------------------------------------------------------------------------------
     15          // LED Configurations
     16          //------------------------------------------------------------------------------
     17          // Turns on both LEDs
     18            P1OUT &= ~RED_LED;
   \   000000   D2C30202     BIC.B   #0x1, &0x202
     19            P6OUT &= ~GRN_LED;
   \   000004   F2C040004302 BIC.B   #0x40, &0x243
     20          //------------------------------------------------------------------------------
     21          }
   \   00000A   1001         RETA
   \   00000C                REQUIRE _A_PAOUT_L
   \   00000C                REQUIRE _A_PCOUT_L
     22          
     23          
     24            

   Maximum stack usage in bytes:

   CSTACK Function
   ------ --------
      4   Init_LEDs


   Segment part sizes:

   Bytes  Function/Label
   -----  --------------
      12  Init_LEDs
       2  _A_PAOUT_L
       2  _A_PCOUT_L

 
 12 bytes in segment CODE
  4 bytes in segment DATA16_AN
 
 12 bytes of CODE memory
  0 bytes of DATA memory (+ 4 bytes shared)

Errors: none
Warnings: none
