###############################################################################
#
# IAR C/C++ Compiler V7.12.3.989/W32 for MSP430           29/Mar/2020  17:05:42
# Copyright 1996-2019 IAR Systems AB.
# PC-locked license - IAR Embedded Workbench for MSP430, 8K KickStart Edition 7.12
#
#    __rt_version  =  3
#    __double_size =  32
#    __reg_r4      =  free
#    __reg_r5      =  free
#    __pic         =  no
#    __core        =  430X
#    __data_model  =  small
#    __code_model  =  large
#    Source file   =  C:\Users\platy\Desktop\ECE-306_Code\Project_08\main.c
#    Command line  =  
#        -f C:\Users\platy\AppData\Local\Temp\EWDE83.tmp
#        (C:\Users\platy\Desktop\ECE-306_Code\Project_08\main.c -lC
#        C:\Users\platy\Desktop\ECE-306_Code\Project_08\Debug\List -o
#        C:\Users\platy\Desktop\ECE-306_Code\Project_08\Debug\Obj --no_cse
#        --no_unroll --no_inline --no_code_motion --no_tbaa --debug
#        -D__MSP430FR2355__ -e --double=32 --dlib_config "C:\Program Files
#        (x86)\IAR Systems\Embedded Workbench 8.0\430\lib\dlib\dl430xlsfn.h" -I
#        ./\ --core=430X --data_model=small -On --multiplier=32
#        --hw_workaround=CPU40 --code_model=large)
#    Locale        =  English_USA.1252
#    List file     =  
#        C:\Users\platy\Desktop\ECE-306_Code\Project_08\Debug\List\main.lst
#    Object file   =  
#        C:\Users\platy\Desktop\ECE-306_Code\Project_08\Debug\Obj\main.r43
#
###############################################################################

C:\Users\platy\Desktop\ECE-306_Code\Project_08\main.c
      1          //------------------------------------------------------------------------------
      2          //
      3          //  Description: This file contains the Main Routine - "While" Operating System
      4          //
      5          //
      6          //  Jim Carlson
      7          //  Jan 2018
      8          //  Built with IAR Embedded Workbench Version: V4.10A/W32 (7.11.2)
      9          //------------------------------------------------------------------------------
     10          
     11          //------------------------------------------------------------------------------
     12          #include  "functions.h"
     13          #include  "msp430.h"

   \                                 In  segment DATA16_AN, at 0x130
   \   union <unnamed> _A_PM5CTL0_L
   \                     _A_PM5CTL0_L:
   \   000000                DS8 2
     14          #include "macros.h"
     15          #include <string.h>
     16          
     17          
     18          // Function Prototypes
     19          void main(void);
     20          void Init_Conditions(void);
     21          void Init_LEDs(void);
     22          
     23            // Global Variables

   \                                 In  segment DATA16_Z, align 1, align-sorted
   \   000000                REQUIRE ?cstart_init_zero
     24          volatile char slow_input_down;
   \                     slow_input_down:
   \   000000                DS8 1
     25          extern char display_line[numLines][strSize];
     26          extern char *display[numLines];

   \                                 In  segment DATA16_Z, align 1, align-sorted
   \   000000                REQUIRE ?cstart_init_zero
     27          unsigned char display_mode;
   \                     display_mode:
   \   000000                DS8 1
     28          extern volatile unsigned char display_changed;
     29          extern volatile unsigned char update_display;
     30          extern volatile unsigned int update_display_count;
     31          extern volatile unsigned int Time_Sequence;

   \                                 In  segment DATA16_Z, align 2, align-sorted
   \   000000                REQUIRE ?cstart_init_zero
     32          unsigned int prevTime_Sequence = RESET_STATE; 
   \                     prevTime_Sequence:
   \   000000                DS8 2

   \                                 In  segment DATA16_Z, align 2, align-sorted
   \   000000                REQUIRE ?cstart_init_zero
     33          unsigned int myTime = RESET_STATE;
   \                     myTime:
   \   000000                DS8 2

   \                                 In  segment DATA16_Z, align 2, align-sorted
   \   000000                REQUIRE ?cstart_init_zero
     34          unsigned int buttonState = HOLD; //initialize state to be circle
   \                     buttonState:
   \   000000                DS8 2

   \                                 In  segment DATA16_I, align 1, align-sorted
   \   000000                REQUIRE ?cstart_init_copy
     35          volatile char one_time = TRUE;
   \                     one_time:
   \   000000                DS8 1
   \   000001                REQUIRE `?<Initializer for one_time>`

   \                                 In  segment DATA16_Z, align 2, align-sorted
   \   000000                REQUIRE ?cstart_init_zero
     36          unsigned int test_value;
   \                     test_value:
   \   000000                DS8 2

   \                                 In  segment DATA16_Z, align 1, align-sorted
   \   000000                REQUIRE ?cstart_init_zero
     37          char chosen_direction;
   \                     chosen_direction:
   \   000000                DS8 1

   \                                 In  segment DATA16_Z, align 1, align-sorted
   \   000000                REQUIRE ?cstart_init_zero
     38          char change;
   \                     change:
   \   000000                DS8 1

   \                                 In  segment DATA16_I, align 2, align-sorted
   \   000000                REQUIRE ?cstart_init_copy
     39          unsigned int emitter_display_change = TRUE;
   \                     emitter_display_change:
   \   000000                DS8 2
   \   000002                REQUIRE `?<Initializer for emitter_display_change>`
     40          

   \                                 In  segment DATA16_Z, align 2, align-sorted
   \   000000                REQUIRE ?cstart_init_zero
     41          volatile unsigned int wheel_state = HOLD;
   \                     wheel_state:
   \   000000                DS8 2

   \                                 In  segment DATA16_Z, align 2, align-sorted
   \   000000                REQUIRE ?cstart_init_zero
     42          volatile unsigned int main_state = HOLD;
   \                     main_state:
   \   000000                DS8 2

   \                                 In  segment DATA16_Z, align 2, align-sorted
   \   000000                REQUIRE ?cstart_init_zero
     43          volatile unsigned int next_state = RESET_STATE;
   \                     next_state:
   \   000000                DS8 2
     44          extern int display_state;
     45          

   \                                 In  segment DATA16_Z, align 2, align-sorted
   \   000000                REQUIRE ?cstart_init_zero
     46          unsigned int black_line_flag = FALSE;
   \                     black_line_flag:
   \   000000                DS8 2
     47          extern unsigned int one_second_flag;

   \                                 In  segment DATA16_Z, align 2, align-sorted
   \   000000                REQUIRE ?cstart_init_zero
     48          unsigned int main_wait_count = RESET_STATE;
   \                     main_wait_count:
   \   000000                DS8 2

   \                                 In  segment DATA16_Z, align 2, align-sorted
   \   000000                REQUIRE ?cstart_init_zero
     49          unsigned int wait_count = RESET_STATE;
   \                     wait_count:
   \   000000                DS8 2
     50          
     51          extern unsigned int ADC_Left_Detect;
     52          extern unsigned int ADC_Right_Detect;
     53          

   \                                 In  segment DATA16_Z, align 2, align-sorted
   \   000000                REQUIRE ?cstart_init_zero
     54          int UCA1_index;
   \                     UCA1_index:
   \   000000                DS8 2

   \                                 In  segment DATA16_Z, align 2, align-sorted
   \   000000                REQUIRE ?cstart_init_zero
     55          int UCA0_index = RESET_STATE;
   \                     UCA0_index:
   \   000000                DS8 2

   \                                 In  segment DATA16_I, align 1, align-sorted
   \   000000                REQUIRE ?cstart_init_copy
     56          char test_command[NCSU_SIZE] = "NCSU  #1";
   \                     test_command:
   \   000000                DS8 8
   \   000008                REQUIRE `?<Initializer for test_command>`
     57          extern unsigned int usb_rx_ring_rd;
     58          extern volatile unsigned int usb_rx_ring_wr;
     59          extern volatile char USB_Char_Rx[SMALL_RING_SIZE];

   \                                 In  segment DATA16_Z, align 1, align-sorted
   \   000000                REQUIRE ?cstart_init_zero
     60          volatile char process_buf[LARGE_RING_SIZE];
   \                     process_buf:
   \   000000                DS8 32

   \                                 In  segment DATA16_Z, align 1, align-sorted
   \   000000                REQUIRE ?cstart_init_zero
     61          char receive_char[MAX_STR_SIZE];
   \                     receive_char:
   \   000000                DS8 11

   \                                 In  segment DATA16_Z, align 1, align-sorted
   \   000000                REQUIRE ?cstart_init_zero
     62          char transmit_char[MAX_STR_SIZE];
   \                     transmit_char:
   \   000000                DS8 11

   \                                 In  segment DATA16_Z, align 2, align-sorted
   \   000000                REQUIRE ?cstart_init_zero
     63          int process_index = BEGINNING;
   \                     process_index:
   \   000000                DS8 2

   \                                 In  segment DATA16_Z, align 2, align-sorted
   \   000000                REQUIRE ?cstart_init_zero
     64          int serial_mode = WAIT;
   \                     serial_mode:
   \   000000                DS8 2
     65          
     66          

   \                                 In  segment CODE, align 2
     67          void main(void){
   \                     main:
     68          //------------------------------------------------------------------------------
     69          // Main Program
     70          // This is the main routine for the program. Execution of code starts here.
     71          // The operating system is Back Ground Fore Ground.
     72          //
     73          //------------------------------------------------------------------------------
     74          // Disable the GPIO power-on default high-impedance mode to activate
     75          // previously configured port settings
     76            PM5CTL0 &= ~LOCKLPM5;
   \   000000   92C33001     BIC.W   #0x1, &0x130
     77            Init_Ports();                        // Initialize Ports
   \   000004   ........     CALLA   #Init_Ports
     78            Init_Clocks();                       // Initialize Clock System
   \   000008   ........     CALLA   #Init_Clocks
     79            Init_Conditions();                   // Initialize Variables and Initial Conditions
   \   00000C   ........     CALLA   #Init_Conditions
     80            Init_Timers();                        // Initialize Timers
   \   000010   ........     CALLA   #Init_Timers
     81            Init_LCD();                          // Initialize LCD
   \   000014   ........     CALLA   #Init_LCD
     82            Init_Wheels();
   \   000018   ........     CALLA   #Init_Wheels
     83            //Init_ADC();
     84            Init_Serial_UCA0();                   // Initialize Serial communication
   \   00001C   ........     CALLA   #Init_Serial_UCA0
     85            Init_Serial_UCA1();
   \   000020   ........     CALLA   #Init_Serial_UCA1
     86            
     87          // Place the contents of what you want on the display, in between the quotes
     88          // Limited to 10 characters per line
     89          //
     90          
     91            strcpy(display_line[line1], "          ");
   \   000024   3D40....     MOV.W   #`?<Constant "          ">`, R13
   \   000028   3C40....     MOV.W   #display_line, R12
   \   00002C   ........     CALLA   #strcpy
     92            update_string(display_line[line1], line1);
   \   000030   0D43         MOV.W   #0x0, R13
   \   000032   ........     CALLA   #update_string
     93            strcpy(display_line[line2], "          ");
   \   000036   3D40....     MOV.W   #`?<Constant "          ">`, R13
   \   00003A   3C40....     MOV.W   #display_line + 11, R12
   \   00003E   ........     CALLA   #strcpy
     94            update_string(display_line[line2], line2);
   \   000042   1D43         MOV.W   #0x1, R13
   \   000044   3C40....     MOV.W   #display_line + 11, R12
   \   000048   ........     CALLA   #update_string
     95            strcpy(display_line[line3], "          ");
   \   00004C   3D40....     MOV.W   #`?<Constant "          ">`, R13
   \   000050   3C40....     MOV.W   #display_line + 22, R12
   \   000054   ........     CALLA   #strcpy
     96            update_string(display_line[line3], line3);
   \   000058   2D43         MOV.W   #0x2, R13
   \   00005A   3C40....     MOV.W   #display_line + 22, R12
   \   00005E   ........     CALLA   #update_string
     97            strcpy(display_line[line4], "          ");
   \   000062   3D40....     MOV.W   #`?<Constant "          ">`, R13
   \   000066   3C40....     MOV.W   #display_line + 33, R12
   \   00006A   ........     CALLA   #strcpy
     98            update_string(display_line[line4], line4);
   \   00006E   3D400300     MOV.W   #0x3, R13
   \   000072   3C40....     MOV.W   #display_line + 33, R12
   \   000076   ........     CALLA   #update_string
     99            enable_display_update();
   \   00007A   ........     CALLA   #enable_display_update
    100            display_changed = TRUE;
   \   00007E   D243....     MOV.B   #0x1, &display_changed
    101          
    102          
    103            UCA0_index = RESET_STATE;
   \   000082   8243....     MOV.W   #0x0, &UCA0_index
    104            UCA1_index = RESET_STATE;
   \   000086   8243....     MOV.W   #0x0, &UCA1_index
    105            //UCA0IE |= UCRXIE; // Enable RX interrupt
    106            //UCA1IE |= UCRXIE; // Enable Rx interrupt
    107          //------------------------------------------------------------------------------
    108          // Begining of the "While" Operating System
    109          //------------------------------------------------------------------------------
    110            while(ALWAYS){  // Can the Operating system run
    111              
    112              switch(main_state){
   \                     ??main_0:
   \   00008A   1F42....     MOV.W   &main_state, R15
   \   00008E   0F83         SUB.W   #0x0, R15
   \   000090   0624         JEQ     ??main_6
   \   000092   2F83         SUB.W   #0x2, R15
   \   000094   1424         JEQ     ??main_7
   \   000096   1F83         SUB.W   #0x1, R15
   \   000098   4024         JEQ     ??main_8
   \   00009A   1F83         SUB.W   #0x1, R15
   \   00009C   693C         JMP     ??main_5
    113              case HOLD:
    114                if(one_second_flag){
   \                     ??main_6:
   \   00009E   8293....     CMP.W   #0x0, &one_second_flag
   \   0000A2   0424         JEQ     ??main_9
    115                  main_wait_count ++;
   \   0000A4   9253....     ADD.W   #0x1, &main_wait_count
    116                  one_second_flag = FALSE;
   \   0000A8   8243....     MOV.W   #0x0, &one_second_flag
    117                }
    118                if(wait_count == TWO_SECOND_PAUSE){
   \                     ??main_9:
   \   0000AC   A293....     CMP.W   #0x2, &wait_count
   \   0000B0   5F20         JNE     ??main_5
    119                  main_wait_count = RESET_STATE;
   \   0000B2   8243....     MOV.W   #0x0, &main_wait_count
    120                  main_state = next_state;
   \   0000B6   9242........ MOV.W   &next_state, &main_state
    121                }
    122                break;
   \   0000BC   593C         JMP     ??main_5
    123                
    124              case RECEIVE:
    125              if(usb_rx_ring_rd != usb_rx_ring_wr){
   \                     ??main_7:
   \   0000BE   9292........ CMP.W   &usb_rx_ring_wr, &usb_rx_ring_rd
   \   0000C4   5524         JEQ     ??main_5
    126                
    127                  process_buf[usb_rx_ring_rd] = USB_Char_Rx[usb_rx_ring_rd];
   \   0000C6   1F42....     MOV.W   &usb_rx_ring_rd, R15
   \   0000CA   1E42....     MOV.W   &usb_rx_ring_rd, R14
   \   0000CE   DE4F........ MOV.B   USB_Char_Rx(R15), process_buf(R14)
    128                  
    129                  if(process_buf[usb_rx_ring_rd] == 0x0A || process_buf[usb_rx_ring_rd] == 0x0D){
   \   0000D4   1F42....     MOV.W   &usb_rx_ring_rd, R15
   \   0000D8   FF900A00.... CMP.B   #0xa, process_buf(R15)
   \   0000DE   0624         JEQ     ??main_10
   \   0000E0   1F42....     MOV.W   &usb_rx_ring_rd, R15
   \   0000E4   FF900D00.... CMP.B   #0xd, process_buf(R15)
   \   0000EA   0E20         JNE     ??main_11
    130                    clear_receive_char();
   \                     ??main_10:
   \   0000EC   ........     CALLA   #clear_receive_char
    131                    clear_transmit_char();
   \   0000F0   ........     CALLA   #clear_transmit_char
    132                    usb_rx_ring_rd = BEGINNING;
   \   0000F4   8243....     MOV.W   #0x0, &usb_rx_ring_rd
    133                    usb_rx_ring_wr = BEGINNING;
   \   0000F8   8243....     MOV.W   #0x0, &usb_rx_ring_wr
    134                    main_state = PROCESS;
   \   0000FC   B2400300.... MOV.W   #0x3, &main_state
    135                    one_time = TRUE;
   \   000102   D243....     MOV.B   #0x1, &one_time
    136                    break;
   \   000106   343C         JMP     ??main_5
    137                  }
    138                  usb_rx_ring_rd++;
   \                     ??main_11:
   \   000108   9253....     ADD.W   #0x1, &usb_rx_ring_rd
    139                  if(usb_rx_ring_rd >= (sizeof(USB_Char_Rx))){
   \   00010C   B2901000.... CMP.W   #0x10, &usb_rx_ring_rd
   \   000112   2E28         JNC     ??main_5
    140                    usb_rx_ring_rd = BEGINNING;
   \   000114   8243....     MOV.W   #0x0, &usb_rx_ring_rd
    141                  }
    142              }
    143              
    144              break;
   \   000118   2B3C         JMP     ??main_5
    145              case PROCESS:
    146                receive_char[process_index] = process_buf[process_index];
   \                     ??main_8:
   \   00011A   1F42....     MOV.W   &process_index, R15
   \   00011E   1E42....     MOV.W   &process_index, R14
   \   000122   DE4F........ MOV.B   process_buf(R15), receive_char(R14)
    147                process_buf[process_index] = '\0';                // clear out process buffer
   \   000128   1F42....     MOV.W   &process_index, R15
   \   00012C   CF43....     MOV.B   #0x0, process_buf(R15)
    148                process_index++;
   \   000130   9253....     ADD.W   #0x1, &process_index
    149                if(process_buf[process_index] == 0x0A || process_buf[process_index] == 0x0D){
   \   000134   1F42....     MOV.W   &process_index, R15
   \   000138   FF900A00.... CMP.B   #0xa, process_buf(R15)
   \   00013E   0624         JEQ     ??main_12
   \   000140   1F42....     MOV.W   &process_index, R15
   \   000144   FF900D00.... CMP.B   #0xd, process_buf(R15)
   \   00014A   1220         JNE     ??main_5
    150                  receive_char[process_index] = '\0';             // null last char
   \                     ??main_12:
   \   00014C   1F42....     MOV.W   &process_index, R15
   \   000150   CF43....     MOV.B   #0x0, receive_char(R15)
    151                  strcpy(transmit_char, receive_char);            // copy receive to transmit
   \   000154   3D40....     MOV.W   #receive_char, R13
   \   000158   3C40....     MOV.W   #transmit_char, R12
   \   00015C   ........     CALLA   #strcpy
    152                  clear_line4();
   \   000160   ........     CALLA   #clear_line4
    153                  main_state = HALT;
   \   000164   A242....     MOV.W   #0x4, &main_state
    154                  serial_mode = RECEIVE;
   \   000168   A243....     MOV.W   #0x2, &serial_mode
    155                  process_index = BEGINNING;
   \   00016C   8243....     MOV.W   #0x0, &process_index
    156                }
    157              break;
    158              case HALT:
    159                
    160                break;
    161              default: break;
    162              }
    163              
    164              Display_Process(); 
   \                     ??main_5:
   \   000170   ........     CALLA   #Display_Process
    165              Serial_Display_Process();
   \   000174   ........     CALLA   #Serial_Display_Process
   \   000178   883F         JMP     ??main_0
   \   00017A   0343         NOP
   \   00017C                REQUIRE _A_PM5CTL0_L
    166              //clock_process(); // update myTime
    167              //Switches_Process(); //check switches
    168            }
    169          
    170          //------------------------------------------------------------------------------
    171          }
    172          

   \                                 In  segment CODE, align 2
    173          void clear_receive_char(void){
   \                     clear_receive_char:
    174            for(int i = BEGINNING; i < MAX_STR_SIZE; i++){
   \   000000   0F43         MOV.W   #0x0, R15
   \                     ??clear_receive_char_0:
   \   000002   3F900B00     CMP.W   #0xb, R15
   \   000006   0434         JGE     ??clear_receive_char_1
    175              receive_char[i] = NULL;
   \   000008   CF43....     MOV.B   #0x0, receive_char(R15)
    176            }
   \   00000C   1F53         ADD.W   #0x1, R15
   \   00000E   F93F         JMP     ??clear_receive_char_0
    177          }
   \                     ??clear_receive_char_1:
   \   000010   1001         RETA
    178          

   \                                 In  segment CODE, align 2
    179          void clear_transmit_char(void){
   \                     clear_transmit_char:
    180            for(int i = BEGINNING; i < MAX_STR_SIZE; i++){
   \   000000   0F43         MOV.W   #0x0, R15
   \                     ??clear_transmit_char_0:
   \   000002   3F900B00     CMP.W   #0xb, R15
   \   000006   0434         JGE     ??clear_transmit_char_1
    181              transmit_char[i] = NULL;
   \   000008   CF43....     MOV.B   #0x0, transmit_char(R15)
    182            }
   \   00000C   1F53         ADD.W   #0x1, R15
   \   00000E   F93F         JMP     ??clear_transmit_char_0
    183          }
   \                     ??clear_transmit_char_1:
   \   000010   1001         RETA

   \                                 In  segment DATA16_ID, align 1, align-sorted
   \                     `?<Initializer for one_time>`:
   \   000000   01           DC8 1

   \                                 In  segment DATA16_ID, align 2, align-sorted
   \                     `?<Initializer for emitter_display_change>`:
   \   000000   0100         DC16 1

   \                                 In  segment DATA16_ID, align 1, align-sorted
   \                     `?<Initializer for test_command>`:
   \   000000   4E4353552020 DC8 4EH, 43H, 53H, 55H, 20H, 20H, 23H, 31H
   \            2331        

   \                                 In  segment DATA16_C, align 1, align-sorted
   \                     `?<Constant "          ">`:
   \   000000   202020202020 DC8 "          "
   \            2020202000  
    184            

   Maximum stack usage in bytes:

   CSTACK Function
   ------ --------
      4   clear_receive_char
      4   clear_transmit_char
      4   main
        4   -> Display_Process
        4   -> Init_Clocks
        4   -> Init_Conditions
        4   -> Init_LCD
        4   -> Init_Ports
        4   -> Init_Serial_UCA0
        4   -> Init_Serial_UCA1
        4   -> Init_Timers
        4   -> Init_Wheels
        4   -> Serial_Display_Process
        4   -> clear_line4
        4   -> clear_receive_char
        4   -> clear_transmit_char
        4   -> enable_display_update
        4   -> strcpy
        4   -> update_string


   Segment part sizes:

   Bytes  Function/Label
   -----  --------------
      11  ?<Constant "          ">
       2  ?<Initializer for emitter_display_change>
       1  ?<Initializer for one_time>
       8  ?<Initializer for test_command>
       2  UCA0_index
       2  UCA1_index
       2  _A_PM5CTL0_L
       2  black_line_flag
       2  buttonState
       1  change
       1  chosen_direction
      18  clear_receive_char
      18  clear_transmit_char
       1  display_mode
       2  emitter_display_change
     380  main
       2  main_state
       2  main_wait_count
       2  myTime
       2  next_state
       1  one_time
       2  prevTime_Sequence
      32  process_buf
       2  process_index
      11  receive_char
       2  serial_mode
       1  slow_input_down
       8  test_command
       2  test_value
      11  transmit_char
       2  wait_count
       2  wheel_state

 
 416 bytes in segment CODE
   2 bytes in segment DATA16_AN
  11 bytes in segment DATA16_C
  11 bytes in segment DATA16_I
  11 bytes in segment DATA16_ID
  86 bytes in segment DATA16_Z
 
 416 bytes of CODE  memory
  22 bytes of CONST memory
  97 bytes of DATA  memory (+ 2 bytes shared)

Errors: none
Warnings: none
