###############################################################################
#
# IAR C/C++ Compiler V7.12.3.989/W32 for MSP430           13/Feb/2020  22:10:47
# Copyright 1996-2019 IAR Systems AB.
# PC-locked license - IAR Embedded Workbench for MSP430, 8K KickStart Edition 7.12
#
#    __rt_version  =  3
#    __double_size =  32
#    __reg_r4      =  free
#    __reg_r5      =  free
#    __pic         =  no
#    __core        =  430X
#    __data_model  =  small
#    __code_model  =  large
#    Source file   =  C:\Users\platy\Desktop\ECE-306_Code\Homework_05\main.c
#    Command line  =  
#        -f C:\Users\platy\AppData\Local\Temp\EWF465.tmp
#        (C:\Users\platy\Desktop\ECE-306_Code\Homework_05\main.c -lC
#        C:\Users\platy\Desktop\ECE-306_Code\Homework_05\Debug\List -o
#        C:\Users\platy\Desktop\ECE-306_Code\Homework_05\Debug\Obj --no_cse
#        --no_unroll --no_inline --no_code_motion --no_tbaa --debug
#        -D__MSP430FR2355__ -e --double=32 --dlib_config "C:\Program Files
#        (x86)\IAR Systems\Embedded Workbench 8.0\430\lib\dlib\dl430xlsfn.h" -I
#        ./\ --core=430X --data_model=small -On --multiplier=32
#        --hw_workaround=CPU40 --code_model=large)
#    Locale        =  English_USA.1252
#    List file     =  
#        C:\Users\platy\Desktop\ECE-306_Code\Homework_05\Debug\List\main.lst
#    Object file   =  
#        C:\Users\platy\Desktop\ECE-306_Code\Homework_05\Debug\Obj\main.r43
#
###############################################################################

C:\Users\platy\Desktop\ECE-306_Code\Homework_05\main.c
      1          //------------------------------------------------------------------------------
      2          //
      3          //  Description: This file contains the Main Routine - "While" Operating System
      4          //
      5          //
      6          //  Jim Carlson
      7          //  Jan 2018
      8          //  Built with IAR Embedded Workbench Version: V4.10A/W32 (7.11.2)
      9          //------------------------------------------------------------------------------
     10          
     11          //------------------------------------------------------------------------------
     12          #include  "functions.h"
     13          #include  "msp430.h"

   \                                 In  segment DATA16_AN, at 0x202
   \   union <unnamed> _A_PAOUT_L
   \                     _A_PAOUT_L:
   \   000000                DS8 2

   \                                 In  segment DATA16_AN, at 0x242
   \   union <unnamed> _A_PCOUT_L
   \                     _A_PCOUT_L:
   \   000000                DS8 2

   \                                 In  segment DATA16_AN, at 0x130
   \   union <unnamed> _A_PM5CTL0_L
   \                     _A_PM5CTL0_L:
   \   000000                DS8 2
     14          #include "macros.h"
     15          #include <string.h>
     16          
     17          
     18          // Function Prototypes
     19          void main(void);
     20          void Init_Conditions(void);
     21          void Init_LEDs(void);
     22          
     23            // Global Variables

   \                                 In  segment DATA16_Z, align 1, align-sorted
   \   000000                REQUIRE ?cstart_init_zero
     24          volatile char slow_input_down;
   \                     slow_input_down:
   \   000000                DS8 1
     25          extern char display_line[numLines][strSize];
     26          extern char *display[numLines];

   \                                 In  segment DATA16_Z, align 1, align-sorted
   \   000000                REQUIRE ?cstart_init_zero
     27          unsigned char display_mode;
   \                     display_mode:
   \   000000                DS8 1
     28          extern volatile unsigned char display_changed;
     29          extern volatile unsigned char update_display;
     30          extern volatile unsigned int update_display_count;
     31          extern volatile unsigned int Time_Sequence;

   \                                 In  segment DATA16_Z, align 2, align-sorted
   \   000000                REQUIRE ?cstart_init_zero
     32          unsigned int prevTime_Sequence = RESET_STATE; 
   \                     prevTime_Sequence:
   \   000000                DS8 2

   \                                 In  segment DATA16_Z, align 2, align-sorted
   \   000000                REQUIRE ?cstart_init_zero
     33          unsigned int myTime = RESET_STATE;
   \                     myTime:
   \   000000                DS8 2

   \                                 In  segment DATA16_Z, align 2, align-sorted
   \   000000                REQUIRE ?cstart_init_zero
     34          unsigned int buttonState = HOLD; //initialize state to be circle
   \                     buttonState:
   \   000000                DS8 2
     35          extern volatile char one_time;

   \                                 In  segment DATA16_Z, align 2, align-sorted
   \   000000                REQUIRE ?cstart_init_zero
     36          unsigned int test_value;
   \                     test_value:
   \   000000                DS8 2

   \                                 In  segment DATA16_Z, align 1, align-sorted
   \   000000                REQUIRE ?cstart_init_zero
     37          char chosen_direction;
   \                     chosen_direction:
   \   000000                DS8 1

   \                                 In  segment DATA16_Z, align 1, align-sorted
   \   000000                REQUIRE ?cstart_init_zero
     38          char change;
   \                     change:
   \   000000                DS8 1

   \                                 In  segment DATA16_Z, align 2, align-sorted
   \   000000                REQUIRE ?cstart_init_zero
     39          unsigned int num_presses = RESET_STATE;
   \                     num_presses:
   \   000000                DS8 2
     40          

   \                                 In  segment CODE, align 2
     41          void main(void){
   \                     main:
     42          //------------------------------------------------------------------------------
     43          // Main Program
     44          // This is the main routine for the program. Execution of code starts here.
     45          // The operating system is Back Ground Fore Ground.
     46          //
     47          //------------------------------------------------------------------------------
     48          // Disable the GPIO power-on default high-impedance mode to activate
     49          // previously configured port settings
     50            PM5CTL0 &= ~LOCKLPM5;
   \   000000   92C33001     BIC.W   #0x1, &0x130
     51            Init_Ports();                        // Initialize Ports
   \   000004   ........     CALLA   #Init_Ports
     52            Init_Clocks();                       // Initialize Clock System
   \   000008   ........     CALLA   #Init_Clocks
     53            Init_Conditions();                   // Initialize Variables and Initial Conditions
   \   00000C   ........     CALLA   #Init_Conditions
     54            Init_Timers();                       // Initialize Timers
   \   000010   ........     CALLA   #Init_Timers
     55            Init_LCD();                          // Initialize LCD
   \   000014   ........     CALLA   #Init_LCD
     56          // Place the contents of what you want on the display, in between the quotes
     57          // Limited to 10 characters per line
     58          //
     59          
     60            strcpy(display_line[line1], "          ");
   \   000018   3D40....     MOV.W   #`?<Constant "          ">`, R13
   \   00001C   3C40....     MOV.W   #display_line, R12
   \   000020   ........     CALLA   #strcpy
     61            update_string(display_line[line1], line1);
   \   000024   0D43         MOV.W   #0x0, R13
   \   000026   ........     CALLA   #update_string
     62            strcpy(display_line[line2], "hold      ");
   \   00002A   3D40....     MOV.W   #`?<Constant "hold      ">`, R13
   \   00002E   3C40....     MOV.W   #display_line + 11, R12
   \   000032   ........     CALLA   #strcpy
     63            update_string(display_line[line2], line2);
   \   000036   1D43         MOV.W   #0x1, R13
   \   000038   3C40....     MOV.W   #display_line + 11, R12
   \   00003C   ........     CALLA   #update_string
     64            strcpy(display_line[line3], "          ");
   \   000040   3D40....     MOV.W   #`?<Constant "          ">`, R13
   \   000044   3C40....     MOV.W   #display_line + 22, R12
   \   000048   ........     CALLA   #strcpy
     65            update_string(display_line[line3], line3);
   \   00004C   2D43         MOV.W   #0x2, R13
   \   00004E   3C40....     MOV.W   #display_line + 22, R12
   \   000052   ........     CALLA   #update_string
     66            strcpy(display_line[line4], "          ");
   \   000056   3D40....     MOV.W   #`?<Constant "          ">`, R13
   \   00005A   3C40....     MOV.W   #display_line + 33, R12
   \   00005E   ........     CALLA   #strcpy
     67            update_string(display_line[line4], line4);
   \   000062   3D400300     MOV.W   #0x3, R13
   \   000066   3C40....     MOV.W   #display_line + 33, R12
   \   00006A   ........     CALLA   #update_string
     68            enable_display_update();
   \   00006E   ........     CALLA   #enable_display_update
     69          
     70          
     71          //------------------------------------------------------------------------------
     72          // Begining of the "While" Operating System
     73          //------------------------------------------------------------------------------
     74          while(ALWAYS) {                      // Can the Operating system run
     75              switch(Time_Sequence){
   \                     ??main_0:
   \   000072   1F42....     MOV.W   &Time_Sequence, R15
   \   000076   3F803200     SUB.W   #0x32, R15
   \   00007A   3724         JEQ     ??main_7
   \   00007C   3F803200     SUB.W   #0x32, R15
   \   000080   2924         JEQ     ??main_8
   \   000082   3F803200     SUB.W   #0x32, R15
   \   000086   1B24         JEQ     ??main_9
   \   000088   3F803200     SUB.W   #0x32, R15
   \   00008C   0F24         JEQ     ??main_10
   \   00008E   3F803200     SUB.W   #0x32, R15
   \   000092   3520         JNE     ??main_6
     76                case BINARY0:                        //
     77                  if(one_time){
   \   000094   C293....     CMP.B   #0x0, &one_time
   \   000098   0624         JEQ     ??main_11
     78                    Init_LEDs();
   \   00009A   ........     CALLA   #Init_LEDs
     79                    display_changed = TRUE;
   \   00009E   D243....     MOV.B   #0x1, &display_changed
     80                    one_time = FALSE;
   \   0000A2   C243....     MOV.B   #0x0, &one_time
     81                  }
     82                  Time_Sequence = FALSE;             //
   \                     ??main_11:
   \   0000A6   8243....     MOV.W   #0x0, &Time_Sequence
     83                  break;
   \   0000AA   293C         JMP     ??main_6
     84                case BINARY1:                        //
     85                  if(one_time){
   \                     ??main_10:
   \   0000AC   C293....     CMP.B   #0x0, &one_time
   \   0000B0   2624         JEQ     ??main_6
     86                    P6OUT |= GRN_LED;            // Change State of LED 5
   \   0000B2   F2D040004302 BIS.B   #0x40, &0x243
     87                    one_time = FALSE;
   \   0000B8   C243....     MOV.B   #0x0, &one_time
     88                  }
     89                  break;
   \   0000BC   203C         JMP     ??main_6
     90                case BINARY2:                         //
     91                  if(one_time){
   \                     ??main_9:
   \   0000BE   C293....     CMP.B   #0x0, &one_time
   \   0000C2   1D24         JEQ     ??main_6
     92                    P1OUT |= RED_LED;            // Change State of LED 4
   \   0000C4   D2D30202     BIS.B   #0x1, &0x202
     93                    P6OUT &= ~GRN_LED;           // Change State of LED 5
   \   0000C8   F2C040004302 BIC.B   #0x40, &0x243
     94                    one_time = FALSE;
   \   0000CE   C243....     MOV.B   #0x0, &one_time
     95                  }
     96                  break;
   \   0000D2   153C         JMP     ??main_6
     97                case BINARY3:                         //
     98                  if(one_time){
   \                     ??main_8:
   \   0000D4   C293....     CMP.B   #0x0, &one_time
   \   0000D8   1224         JEQ     ??main_6
     99                    P6OUT |= GRN_LED;            // Change State of LED 5
   \   0000DA   F2D040004302 BIS.B   #0x40, &0x243
    100                    display_changed = TRUE;
   \   0000E0   D243....     MOV.B   #0x1, &display_changed
    101                    one_time = FALSE;
   \   0000E4   C243....     MOV.B   #0x0, &one_time
    102                  }
    103                  break;
   \   0000E8   0A3C         JMP     ??main_6
    104                case BINARYRES:                        //
    105                  if(one_time){
   \                     ??main_7:
   \   0000EA   C293....     CMP.B   #0x0, &one_time
   \   0000EE   0724         JEQ     ??main_6
    106                    P1OUT &= ~RED_LED;           // Change State of LED 4
   \   0000F0   D2C30202     BIC.B   #0x1, &0x202
    107                    P6OUT &= ~GRN_LED;           // Change State of LED 5
   \   0000F4   F2C040004302 BIC.B   #0x40, &0x243
    108                    one_time = FALSE;
   \   0000FA   C243....     MOV.B   #0x0, &one_time
    109                  }
    110                  break;                         //
    111                default: break;
    112              }
    113                // Check for switch state change
    114              Display_Process(); 
   \                     ??main_6:
   \   0000FE   ........     CALLA   #Display_Process
    115              clock_process(); // update myTime
   \   000102   ........     CALLA   #clock_process
    116              Switches_Process(); //check switches
   \   000106   ........     CALLA   #Switches_Process
   \   00010A   B33F         JMP     ??main_0
   \   00010C   0343         NOP
   \   00010E                REQUIRE _A_PM5CTL0_L
   \   00010E                REQUIRE _A_PCOUT_L
   \   00010E                REQUIRE _A_PAOUT_L
    117          
    118            }
    119          //------------------------------------------------------------------------------
    120          }

   \                                 In  segment DATA16_C, align 1, align-sorted
   \                     `?<Constant "          ">`:
   \   000000   202020202020 DC8 "          "
   \            2020202000  

   \                                 In  segment DATA16_C, align 1, align-sorted
   \                     `?<Constant "hold      ">`:
   \   000000   686F6C642020 DC8 "hold      "
   \            2020202000  
    121          
    122          
    123          

   Maximum stack usage in bytes:

   CSTACK Function
   ------ --------
      4   main
        4   -> Display_Process
        4   -> Init_Clocks
        4   -> Init_Conditions
        4   -> Init_LCD
        4   -> Init_LEDs
        4   -> Init_Ports
        4   -> Init_Timers
        4   -> Switches_Process
        4   -> clock_process
        4   -> enable_display_update
        4   -> strcpy
        4   -> update_string


   Segment part sizes:

   Bytes  Function/Label
   -----  --------------
      11  ?<Constant "          ">
      11  ?<Constant "hold      ">
       2  _A_PAOUT_L
       2  _A_PCOUT_L
       2  _A_PM5CTL0_L
       2  buttonState
       1  change
       1  chosen_direction
       1  display_mode
     270  main
       2  myTime
       2  num_presses
       2  prevTime_Sequence
       1  slow_input_down
       2  test_value

 
 270 bytes in segment CODE
   6 bytes in segment DATA16_AN
  22 bytes in segment DATA16_C
  14 bytes in segment DATA16_Z
 
 270 bytes of CODE  memory
  22 bytes of CONST memory
  14 bytes of DATA  memory (+ 6 bytes shared)

Errors: none
Warnings: none
