###############################################################################
#
# IAR C/C++ Compiler V7.12.3.989/W32 for MSP430           31/Jan/2020  12:40:27
# Copyright 1996-2019 IAR Systems AB.
# PC-locked license - IAR Embedded Workbench for MSP430, 8K KickStart Edition 7.12
#
#    __rt_version  =  3
#    __double_size =  32
#    __reg_r4      =  free
#    __reg_r5      =  free
#    __pic         =  no
#    __core        =  430X
#    __data_model  =  small
#    __code_model  =  large
#    Source file   =  C:\Users\platy\Desktop\ECE-306_Code\Homework_03\main.c
#    Command line  =  
#        -f C:\Users\platy\AppData\Local\Temp\EWF3DA.tmp
#        (C:\Users\platy\Desktop\ECE-306_Code\Homework_03\main.c -lC
#        C:\Users\platy\Desktop\ECE-306_Code\Homework_03\Debug\List -o
#        C:\Users\platy\Desktop\ECE-306_Code\Homework_03\Debug\Obj --no_cse
#        --no_unroll --no_inline --no_code_motion --no_tbaa --debug
#        -D__MSP430FR2355__ -e --double=32 --dlib_config "C:\Program Files
#        (x86)\IAR Systems\Embedded Workbench 8.0\430\lib\dlib\dl430xlsfn.h" -I
#        ./\ --core=430X --data_model=small -On --multiplier=32
#        --hw_workaround=CPU40 --code_model=large)
#    Locale        =  English_USA.1252
#    List file     =  
#        C:\Users\platy\Desktop\ECE-306_Code\Homework_03\Debug\List\main.lst
#    Object file   =  
#        C:\Users\platy\Desktop\ECE-306_Code\Homework_03\Debug\Obj\main.r43
#
###############################################################################

C:\Users\platy\Desktop\ECE-306_Code\Homework_03\main.c
      1          //------------------------------------------------------------------------------
      2          //
      3          //  Description: This file contains the Main Routine - "While" Operating System
      4          //
      5          //
      6          //  Jim Carlson
      7          //  Jan 2018
      8          //  Built with IAR Embedded Workbench Version: V4.10A/W32 (7.11.2)
      9          //------------------------------------------------------------------------------
     10          
     11          //------------------------------------------------------------------------------
     12          #include  "functions.h"
     13          #include  "msp430.h"

   \                                 In  segment DATA16_AN, at 0x202
   \   union <unnamed> _A_PAOUT_L
   \                     _A_PAOUT_L:
   \   000000                DS8 2

   \                                 In  segment DATA16_AN, at 0x242
   \   union <unnamed> _A_PCOUT_L
   \                     _A_PCOUT_L:
   \   000000                DS8 2

   \                                 In  segment DATA16_AN, at 0x130
   \   union <unnamed> _A_PM5CTL0_L
   \                     _A_PM5CTL0_L:
   \   000000                DS8 2
     14          #include "macros.h"
     15          #include <string.h>
     16          
     17          
     18          // Function Prototypes
     19          void main(void);
     20          void Init_Conditions(void);
     21          void Init_LEDs(void);
     22          
     23            // Global Variables

   \                                 In  segment DATA16_Z, align 1, align-sorted
   \   000000                REQUIRE ?cstart_init_zero
     24          volatile char slow_input_down;
   \                     slow_input_down:
   \   000000                DS8 1
     25          extern char display_line[numLines][strSize];
     26          extern char *display[numLines];

   \                                 In  segment DATA16_Z, align 1, align-sorted
   \   000000                REQUIRE ?cstart_init_zero
     27          unsigned char display_mode;
   \                     display_mode:
   \   000000                DS8 1
     28          extern volatile unsigned char display_changed;
     29          extern volatile unsigned char update_display;
     30          extern volatile unsigned int update_display_count;
     31          extern volatile unsigned int Time_Sequence;
     32          extern volatile char one_time;

   \                                 In  segment DATA16_Z, align 2, align-sorted
   \   000000                REQUIRE ?cstart_init_zero
     33          unsigned int test_value;
   \                     test_value:
   \   000000                DS8 2

   \                                 In  segment DATA16_Z, align 1, align-sorted
   \   000000                REQUIRE ?cstart_init_zero
     34          char chosen_direction;
   \                     chosen_direction:
   \   000000                DS8 1

   \                                 In  segment DATA16_Z, align 1, align-sorted
   \   000000                REQUIRE ?cstart_init_zero
     35          char change;
   \                     change:
   \   000000                DS8 1
     36          

   \                                 In  segment CODE, align 2
     37          void main(void){
   \                     main:
     38          //------------------------------------------------------------------------------
     39          // Main Program
     40          // This is the main routine for the program. Execution of code starts here.
     41          // The operating system is Back Ground Fore Ground.
     42          //
     43          //------------------------------------------------------------------------------
     44          // Disable the GPIO power-on default high-impedance mode to activate
     45          // previously configured port settings
     46            PM5CTL0 &= ~LOCKLPM5;
   \   000000   92C33001     BIC.W   #0x1, &0x130
     47            Init_Ports();                        // Initialize Ports
   \   000004   ........     CALLA   #Init_Ports
     48            Init_Clocks();                       // Initialize Clock System
   \   000008   ........     CALLA   #Init_Clocks
     49            Init_Conditions();                   // Initialize Variables and Initial Conditions
   \   00000C   ........     CALLA   #Init_Conditions
     50            Init_Timers();                       // Initialize Timers
   \   000010   ........     CALLA   #Init_Timers
     51            Init_LCD();                          // Initialize LCD
   \   000014   ........     CALLA   #Init_LCD
     52          // Place the contents of what you want on the display, in between the quotes
     53          // Limited to 10 characters per line
     54          //
     55          
     56            strcpy(display_line[line1], "   NCSU   ");
   \   000018   3D40....     MOV.W   #`?<Constant "   NCSU   ">`, R13
   \   00001C   3C40....     MOV.W   #display_line, R12
   \   000020   ........     CALLA   #strcpy
     57            update_string(display_line[line1], line1);
   \   000024   0D43         MOV.W   #0x0, R13
   \   000026   ........     CALLA   #update_string
     58            strcpy(display_line[line2], "  ECE306  ");
   \   00002A   3D40....     MOV.W   #`?<Constant "  ECE306  ">`, R13
   \   00002E   3C40....     MOV.W   #display_line + 11, R12
   \   000032   ........     CALLA   #strcpy
     59            update_string(display_line[line2], line2);
   \   000036   1D43         MOV.W   #0x1, R13
   \   000038   3C40....     MOV.W   #display_line + 11, R12
   \   00003C   ........     CALLA   #update_string
     60            strcpy(display_line[line3], "    LR    ");
   \   000040   3D40....     MOV.W   #`?<Constant "    LR    ">`, R13
   \   000044   3C40....     MOV.W   #display_line + 22, R12
   \   000048   ........     CALLA   #strcpy
     61            update_string(display_line[line3], line3);
   \   00004C   2D43         MOV.W   #0x2, R13
   \   00004E   3C40....     MOV.W   #display_line + 22, R12
   \   000052   ........     CALLA   #update_string
     62            strcpy(display_line[line4], "    BC    ");
   \   000056   3D40....     MOV.W   #`?<Constant "    BC    ">`, R13
   \   00005A   3C40....     MOV.W   #display_line + 33, R12
   \   00005E   ........     CALLA   #strcpy
     63            update_string(display_line[line4], line4);
   \   000062   3D400300     MOV.W   #0x3, R13
   \   000066   3C40....     MOV.W   #display_line + 33, R12
   \   00006A   ........     CALLA   #update_string
     64            enable_display_update();
   \   00006E   ........     CALLA   #enable_display_update
     65          
     66          //------------------------------------------------------------------------------
     67          // Begining of the "While" Operating System
     68          //------------------------------------------------------------------------------
     69            while(ALWAYS) {                      // Can the Operating system run
     70              switch(Time_Sequence){
   \                     ??main_0:
   \   000072   1F42....     MOV.W   &Time_Sequence, R15
   \   000076   3F803200     SUB.W   #0x32, R15
   \   00007A   3724         JEQ     ??main_7
   \   00007C   3F803200     SUB.W   #0x32, R15
   \   000080   2924         JEQ     ??main_8
   \   000082   3F803200     SUB.W   #0x32, R15
   \   000086   1B24         JEQ     ??main_9
   \   000088   3F803200     SUB.W   #0x32, R15
   \   00008C   0F24         JEQ     ??main_10
   \   00008E   3F803200     SUB.W   #0x32, R15
   \   000092   3520         JNE     ??main_6
     71                case BINARY0:                        //
     72                  if(one_time){
   \   000094   C293....     CMP.B   #0x0, &one_time
   \   000098   0624         JEQ     ??main_11
     73                    Init_LEDs();
   \   00009A   ........     CALLA   #Init_LEDs
     74                    display_changed = TRUE;
   \   00009E   D243....     MOV.B   #0x1, &display_changed
     75                    one_time = FALSE;
   \   0000A2   C243....     MOV.B   #0x0, &one_time
     76                  }
     77                  Time_Sequence = FALSE;             //
   \                     ??main_11:
   \   0000A6   8243....     MOV.W   #0x0, &Time_Sequence
     78                  break;
   \   0000AA   293C         JMP     ??main_6
     79                case BINARY1:                        //
     80                  if(one_time){
   \                     ??main_10:
   \   0000AC   C293....     CMP.B   #0x0, &one_time
   \   0000B0   2624         JEQ     ??main_6
     81                    P6OUT |= GRN_LED;            // Change State of LED 5
   \   0000B2   F2D040004302 BIS.B   #0x40, &0x243
     82                    one_time = FALSE;
   \   0000B8   C243....     MOV.B   #0x0, &one_time
     83                  }
     84                  break;
   \   0000BC   203C         JMP     ??main_6
     85                case BINARY2:                         //
     86                  if(one_time){
   \                     ??main_9:
   \   0000BE   C293....     CMP.B   #0x0, &one_time
   \   0000C2   1D24         JEQ     ??main_6
     87                    P1OUT |= RED_LED;            // Change State of LED 4
   \   0000C4   D2D30202     BIS.B   #0x1, &0x202
     88                    P6OUT &= ~GRN_LED;           // Change State of LED 5
   \   0000C8   F2C040004302 BIC.B   #0x40, &0x243
     89                    one_time = FALSE;
   \   0000CE   C243....     MOV.B   #0x0, &one_time
     90                  }
     91                  break;
   \   0000D2   153C         JMP     ??main_6
     92                case BINARY3:                         //
     93                  if(one_time){
   \                     ??main_8:
   \   0000D4   C293....     CMP.B   #0x0, &one_time
   \   0000D8   1224         JEQ     ??main_6
     94                    P6OUT |= GRN_LED;            // Change State of LED 5
   \   0000DA   F2D040004302 BIS.B   #0x40, &0x243
     95                    display_changed = TRUE;
   \   0000E0   D243....     MOV.B   #0x1, &display_changed
     96                    one_time = FALSE;
   \   0000E4   C243....     MOV.B   #0x0, &one_time
     97                  }
     98                  break;
   \   0000E8   0A3C         JMP     ??main_6
     99                case BINARYRES:                        //
    100                  if(one_time){
   \                     ??main_7:
   \   0000EA   C293....     CMP.B   #0x0, &one_time
   \   0000EE   0724         JEQ     ??main_6
    101                    P1OUT &= ~RED_LED;           // Change State of LED 4
   \   0000F0   D2C30202     BIC.B   #0x1, &0x202
    102                    P6OUT &= ~GRN_LED;           // Change State of LED 5
   \   0000F4   F2C040004302 BIC.B   #0x40, &0x243
    103                    one_time = FALSE;
   \   0000FA   C243....     MOV.B   #0x0, &one_time
    104                  }
    105                  break;                         //
    106                default: break;
    107              }
    108              Switches_Process();                // Check for switch state change
   \                     ??main_6:
   \   0000FE   ........     CALLA   #Switches_Process
    109              Display_Process();
   \   000102   ........     CALLA   #Display_Process
   \   000106   B53F         JMP     ??main_0
   \   000108   0343         NOP
   \   00010A                REQUIRE _A_PM5CTL0_L
   \   00010A                REQUIRE _A_PCOUT_L
   \   00010A                REQUIRE _A_PAOUT_L
    110            }
    111          //------------------------------------------------------------------------------
    112          }

   \                                 In  segment DATA16_C, align 1, align-sorted
   \                     `?<Constant "   NCSU   ">`:
   \   000000   2020204E4353 DC8 "   NCSU   "
   \            5520202000  

   \                                 In  segment DATA16_C, align 1, align-sorted
   \                     `?<Constant "  ECE306  ">`:
   \   000000   202045434533 DC8 "  ECE306  "
   \            3036202000  

   \                                 In  segment DATA16_C, align 1, align-sorted
   \                     `?<Constant "    LR    ">`:
   \   000000   202020204C52 DC8 "    LR    "
   \            2020202000  

   \                                 In  segment DATA16_C, align 1, align-sorted
   \                     `?<Constant "    BC    ">`:
   \   000000   202020204243 DC8 "    BC    "
   \            2020202000  
    113          
    114          
    115          

   Maximum stack usage in bytes:

   CSTACK Function
   ------ --------
      4   main
        4   -> Display_Process
        4   -> Init_Clocks
        4   -> Init_Conditions
        4   -> Init_LCD
        4   -> Init_LEDs
        4   -> Init_Ports
        4   -> Init_Timers
        4   -> Switches_Process
        4   -> enable_display_update
        4   -> strcpy
        4   -> update_string


   Segment part sizes:

   Bytes  Function/Label
   -----  --------------
      11  ?<Constant "    BC    ">
      11  ?<Constant "    LR    ">
      11  ?<Constant "   NCSU   ">
      11  ?<Constant "  ECE306  ">
       2  _A_PAOUT_L
       2  _A_PCOUT_L
       2  _A_PM5CTL0_L
       1  change
       1  chosen_direction
       1  display_mode
     266  main
       1  slow_input_down
       2  test_value

 
 266 bytes in segment CODE
   6 bytes in segment DATA16_AN
  44 bytes in segment DATA16_C
   6 bytes in segment DATA16_Z
 
 266 bytes of CODE  memory
  44 bytes of CONST memory
   6 bytes of DATA  memory (+ 6 bytes shared)

Errors: none
Warnings: none
