###############################################################################
#
# IAR C/C++ Compiler V7.12.3.989/W32 for MSP430           16/Apr/2020  11:08:59
# Copyright 1996-2019 IAR Systems AB.
# PC-locked license - IAR Embedded Workbench for MSP430, 8K KickStart Edition 7.12
#
#    __rt_version  =  3
#    __double_size =  32
#    __reg_r4      =  free
#    __reg_r5      =  free
#    __pic         =  no
#    __core        =  430X
#    __data_model  =  small
#    __code_model  =  large
#    Source file   =  
#        C:\Users\platy\Desktop\ECE-306_Code\Project_09\interrupt_timers.c
#    Command line  =  
#        -f C:\Users\platy\AppData\Local\Temp\EW237.tmp
#        (C:\Users\platy\Desktop\ECE-306_Code\Project_09\interrupt_timers.c -lC
#        C:\Users\platy\Desktop\ECE-306_Code\Project_09\Debug\List -o
#        C:\Users\platy\Desktop\ECE-306_Code\Project_09\Debug\Obj --no_cse
#        --no_unroll --no_inline --no_code_motion --no_tbaa --debug
#        -D__MSP430FR2355__ -e --double=32 --dlib_config "C:\Program Files
#        (x86)\IAR Systems\Embedded Workbench 8.0\430\lib\dlib\dl430xlsfn.h" -I
#        ./\ --core=430X --data_model=small -On --multiplier=32
#        --hw_workaround=CPU40 --code_model=large)
#    Locale        =  English_USA.1252
#    List file     =  
#        C:\Users\platy\Desktop\ECE-306_Code\Project_09\Debug\List\interrupt_timers.lst
#    Object file   =  
#        C:\Users\platy\Desktop\ECE-306_Code\Project_09\Debug\Obj\interrupt_timers.r43
#
###############################################################################

C:\Users\platy\Desktop\ECE-306_Code\Project_09\interrupt_timers.c
      1          //==============================================================================
      2          // Filename : interrupts.c
      3          //
      4          // Description: This file contains the interrupt service routines
      5          //
      6          // Author: Marcus Kok
      7          // Date: February 2020
      8          // Compiler: Built with IAR Embedded Workbench for MSP430 7.12.4
      9          //==============================================================================
     10          
     11          #include "macros.h"
     12          #include "msp430.h"

   \                                 In  segment DATA16_AN, at 0x21a
   \   union <unnamed> _A_PAIE_L
   \                     _A_PAIE_L:
   \   000000                DS8 2

   \                                 In  segment DATA16_AN, at 0x23a
   \   union <unnamed> _A_PBIE_L
   \                     _A_PBIE_L:
   \   000000                DS8 2

   \                                 In  segment DATA16_AN, at 0x382
   \   union <unnamed> _A_TB0CCTL0_L
   \                     _A_TB0CCTL0_L:
   \   000000                DS8 2

   \                                 In  segment DATA16_AN, at 0x384
   \   union <unnamed> _A_TB0CCTL1_L
   \                     _A_TB0CCTL1_L:
   \   000000                DS8 2

   \                                 In  segment DATA16_AN, at 0x392
   \   union <unnamed> _A_TB0CCR0_L
   \                     _A_TB0CCR0_L:
   \   000000                DS8 2

   \                                 In  segment DATA16_AN, at 0x394
   \   union <unnamed> _A_TB0CCR1_L
   \                     _A_TB0CCR1_L:
   \   000000                DS8 2

   \                                 In  segment DATA16_AN, at 0x396
   \   union <unnamed> _A_TB0CCR2_L
   \                     _A_TB0CCR2_L:
   \   000000                DS8 2

   \                                 In  segment DATA16_AN, at 0x3ae
   \   union <unnamed> _A_TB0IV_L
   \                     _A_TB0IV_L:
   \   000000                DS8 2
     13          #include "functions.h"
     14          #include <string.h>
     15          
     16          //--------------------------- globals ------------------------------------------

   \                                 In  segment DATA16_Z, align 2, align-sorted
   \   000000                REQUIRE ?cstart_init_zero
     17          volatile unsigned int CCR0_COUNT = RESET_STATE;
   \                     CCR0_COUNT:
   \   000000                DS8 2
     18          extern unsigned int myTime;

   \                                 In  segment DATA16_Z, align 2, align-sorted
   \   000000                REQUIRE ?cstart_init_zero
     19          volatile unsigned int display_count = RESET_STATE;
   \                     display_count:
   \   000000                DS8 2

   \                                 In  segment DATA16_Z, align 2, align-sorted
   \   000000                REQUIRE ?cstart_init_zero
     20          volatile unsigned int one_second_count = RESET_STATE;
   \                     one_second_count:
   \   000000                DS8 2

   \                                 In  segment DATA16_Z, align 2, align-sorted
   \   000000                REQUIRE ?cstart_init_zero
     21          volatile unsigned int IOT_enable_count = RESET_STATE;
   \                     IOT_enable_count:
   \   000000                DS8 2

   \                                 In  segment DATA16_Z, align 2, align-sorted
   \   000000                REQUIRE ?cstart_init_zero
     22          volatile unsigned int command_count = RESET_STATE;
   \                     command_count:
   \   000000                DS8 2

   \                                 In  segment DATA16_Z, align 2, align-sorted
   \   000000                REQUIRE ?cstart_init_zero
     23          unsigned int one_second_flag = FALSE;
   \                     one_second_flag:
   \   000000                DS8 2

   \                                 In  segment DATA16_Z, align 2, align-sorted
   \   000000                REQUIRE ?cstart_init_zero
     24          volatile unsigned int debounce_count_SW1 = RESET_STATE;
   \                     debounce_count_SW1:
   \   000000                DS8 2

   \                                 In  segment DATA16_Z, align 2, align-sorted
   \   000000                REQUIRE ?cstart_init_zero
     25          volatile unsigned int debounce_count_SW2 = RESET_STATE;
   \                     debounce_count_SW2:
   \   000000                DS8 2
     26          extern unsigned int debounce_flag_SW1;
     27          extern unsigned int debounce_flag_SW2;
     28          

   \                                 In  segment DATA16_Z, align 2, align-sorted
   \   000000                REQUIRE ?cstart_init_zero
     29          volatile unsigned int Time_Sequence = RESET_STATE;
   \                     Time_Sequence:
   \   000000                DS8 2
     30          extern volatile unsigned char update_display;
     31          extern volatile unsigned int update_display_count;
     32          extern volatile unsigned int wheel_state;
     33          
     34          extern volatile unsigned char display_changed;
     35          extern char display_line[numLines][strSize];
     36          
     37          extern unsigned int ADC_Left_Detect;
     38          extern unsigned int ADC_Right_Detect;
     39          extern unsigned int ADC_Thumb;
     40          
     41          extern unsigned int PC_transmit;
     42          
     43          extern char test_command[NCSU_SIZE];
     44          extern int UCA1_index;
     45          //------------------------------------------------------------------------------
     46          // CCR0 interrupt 
     47          
     48          #pragma vector = TIMER0_B0_VECTOR

   \                                 In  segment ISR_CODE, align 2
     49          __interrupt void TIMER0_B0_ISR(void){
   \                     TIMER0_B0_ISR:
     50            // timer interrupt B0 handler every 50 ms
     51            CCR0_COUNT++;
   \   000000   9253....     ADD.W   #0x1, &CCR0_COUNT
     52            display_count++;
   \   000004   9253....     ADD.W   #0x1, &display_count
     53            one_second_count++;
   \   000008   9253....     ADD.W   #0x1, &one_second_count
     54            IOT_enable_count++;
   \   00000C   9253....     ADD.W   #0x1, &IOT_enable_count
     55            command_count++;
   \   000010   9253....     ADD.W   #0x1, &command_count
     56            if(CCR0_COUNT == TB0CCR0_CYCLES){                     // 0.2 seconds passed
   \   000014   A293....     CMP.W   #0x2, &CCR0_COUNT
   \   000018   0220         JNE     ??TIMER0_B0_ISR_0
     57              CCR0_COUNT = RESET_STATE;
   \   00001A   8243....     MOV.W   #0x0, &CCR0_COUNT
     58              }
     59            
     60            if(display_count > UPDATE_DISPLAY_THRESHOLD){         // 200 ms has passed
   \                     ??TIMER0_B0_ISR_0:
   \   00001E   B2900500.... CMP.W   #0x5, &display_count
   \   000024   0428         JNC     ??TIMER0_B0_ISR_1
     61                update_display = TRUE; // set update display true
   \   000026   D243....     MOV.B   #0x1, &update_display
     62                display_count = RESET_STATE; //reset count
   \   00002A   8243....     MOV.W   #0x0, &display_count
     63              }
     64            TB0CCR0 += TB0CCR0_INTERVAL;
   \                     ??TIMER0_B0_ISR_1:
   \   00002E   B25050C39203 ADD.W   #0xc350, &0x392
     65          }
   \   000034   0013         RETI
   \   000036                REQUIRE _A_TB0CCR0_L
     66          
     67          //------------------------- overflow handler TB0 -------------------------------
     68          #pragma vector = TIMER0_B1_VECTOR

   \                                 In  segment ISR_CODE, align 2
     69          __interrupt void TIMER0_B1_ISR(void){
   \                     TIMER0_B1_ISR:
   \   000000   0F12         PUSH.W  R15
     70            //Timer B0 1-2 overflow interrupt vector (TBIV) handler
     71            
     72            switch(__even_in_range(TB0IV, OVERFLOW)){
   \   000002   1F42AE03     MOV.W   &0x3ae, R15
   \   000006   E00F         ADDA    R15, PC
   \                     `?<Jumptable for TIMER0_B1_ISR>_0`:
   \   000008   453C         JMP     ??TIMER0_B1_ISR_1
   \   00000A   063C         JMP     ??TIMER0_B1_ISR_5
   \   00000C   383C         JMP     ??TIMER0_B1_ISR_6
   \   00000E   423C         JMP     ??TIMER0_B1_ISR_1
   \   000010   413C         JMP     ??TIMER0_B1_ISR_1
   \   000012   403C         JMP     ??TIMER0_B1_ISR_1
   \   000014   3F3C         JMP     ??TIMER0_B1_ISR_1
   \   000016   3E3C         JMP     ??TIMER0_B1_ISR_1
     73            case NO_INTERRUPT: break;             // no interrupt
     74            case CCR1_USED:                       // CCR1 used
     75          //---------------------- debounce timer interrupt --------------------------
     76                if(debounce_flag_SW1){
   \                     ??TIMER0_B1_ISR_5:
   \   000018   8293....     CMP.W   #0x0, &debounce_flag_SW1
   \   00001C   1624         JEQ     ??TIMER0_B1_ISR_2
     77                   debounce_count_SW1++;
   \   00001E   9253....     ADD.W   #0x1, &debounce_count_SW1
     78                   if(debounce_count_SW1 > DEBOUNCE_THRESHOLD){
   \   000022   B2900B00.... CMP.W   #0xb, &debounce_count_SW1
   \   000028   1028         JNC     ??TIMER0_B1_ISR_2
     79                      P4IE |= SW1;                      // re-enable SW1 interrupt
   \   00002A   E2D33B02     BIS.B   #0x2, &0x23b
     80                      debounce_flag_SW1 = FALSE;        // flag set to false
   \   00002E   8243....     MOV.W   #0x0, &debounce_flag_SW1
     81                      if(!debounce_flag_SW2){           // if other debounce not happening
   \   000032   8293....     CMP.W   #0x0, &debounce_flag_SW2
   \   000036   0920         JNE     ??TIMER0_B1_ISR_2
     82                        TB0CCTL0 |= CCIE;               // enable CCR0 interrupt
   \   000038   B2D010008203 BIS.W   #0x10, &0x382
     83                        
     84                        
     85                        TB0CCTL0 |= CCIE;               // re-enable CCR0 interrupt
   \   00003E   B2D010008203 BIS.W   #0x10, &0x382
     86                        TB0CCTL1 &= ~CCIE;              // disable debounce timer interrupt
   \   000044   B2C010008403 BIC.W   #0x10, &0x384
     87                      }
     88                   }
     89                  }
     90          //---------------------------- SW2--------------------------------------------- 
     91                if(debounce_flag_SW2){
   \                     ??TIMER0_B1_ISR_2:
   \   00004A   8293....     CMP.W   #0x0, &debounce_flag_SW2
   \   00004E   1324         JEQ     ??TIMER0_B1_ISR_3
     92                    debounce_count_SW2++;
   \   000050   9253....     ADD.W   #0x1, &debounce_count_SW2
     93                    if(debounce_count_SW2 > DEBOUNCE_THRESHOLD){
   \   000054   B2900B00.... CMP.W   #0xb, &debounce_count_SW2
   \   00005A   0D28         JNC     ??TIMER0_B1_ISR_3
     94                      P2IE |= SW2;                      // re-enable SW2 interrupt
   \   00005C   F2D21B02     BIS.B   #0x8, &0x21b
     95                      debounce_flag_SW2 = FALSE;        // flag set to false
   \   000060   8243....     MOV.W   #0x0, &debounce_flag_SW2
     96                      if(!debounce_flag_SW1){           // if other debounce not happening
   \   000064   8293....     CMP.W   #0x0, &debounce_flag_SW1
   \   000068   0620         JNE     ??TIMER0_B1_ISR_3
     97                        
     98                        
     99                        TB0CCTL0 |= CCIE;               // re-enable CCR0 interrupt
   \   00006A   B2D010008203 BIS.W   #0x10, &0x382
    100                        TB0CCTL1 &= ~CCIE;              //disable timer interrupt
   \   000070   B2C010008403 BIC.W   #0x10, &0x384
    101                      } 
    102                    }
    103                  }
    104                TB0CCR1 += TB0CCR1_INTERVAL; // add offset to TBCCR1
   \                     ??TIMER0_B1_ISR_3:
   \   000076   B25088139403 ADD.W   #0x1388, &0x394
    105              break;
   \   00007C   0B3C         JMP     ??TIMER0_B1_ISR_1
    106            case CCR2_USED:                       // Time_Sequence interrupt CCR2
    107              Time_Sequence++;
   \                     ??TIMER0_B1_ISR_6:
   \   00007E   9253....     ADD.W   #0x1, &Time_Sequence
    108              if(Time_Sequence > TIME_SEQUENCE_CYCLES){
   \   000082   B290FB00.... CMP.W   #0xfb, &Time_Sequence
   \   000088   0228         JNC     ??TIMER0_B1_ISR_4
    109                Time_Sequence = RESET_STATE;
   \   00008A   8243....     MOV.W   #0x0, &Time_Sequence
    110              }
    111              TB0CCR2 += TB0CCR2_INTERVAL;
                                ^
Warning[Pe174]: expression has no effect
   \                     ??TIMER0_B1_ISR_4:
   \   00008E   924296039603 MOV.W   &0x396, &0x396
    112              break;  
    113            case OVERFLOW:                     //overflow
    114              //implementation
    115              break;
    116            default: break;
    117            }
    118          }
   \                     ??TIMER0_B1_ISR_1:
   \   000094   3F41         POP.W   R15
   \   000096   0013         RETI
   \   000098                REQUIRE _A_PBIE_L
   \   000098                REQUIRE _A_TB0CCTL0_L
   \   000098                REQUIRE _A_TB0CCTL1_L
   \   000098                REQUIRE _A_PAIE_L
   \   000098                REQUIRE _A_TB0CCR1_L
   \   000098                REQUIRE _A_TB0CCR2_L
   \   000098                REQUIRE _A_TB0IV_L

   \                                 In  segment INTVEC, offset 0x54, root
   \                     `??TIMER0_B1_ISR::??INTVEC 84`:
   \   000054   ....         DC16    TIMER0_B1_ISR

   \                                 In  segment INTVEC, offset 0x56, root
   \                     `??TIMER0_B0_ISR::??INTVEC 86`:
   \   000056   ....         DC16    TIMER0_B0_ISR

   Maximum stack usage in bytes:

   CSTACK Function
   ------ --------
      4   TIMER0_B0_ISR
      6   TIMER0_B1_ISR


   Segment part sizes:

   Bytes  Function/Label
   -----  --------------
       2  CCR0_COUNT
       2  IOT_enable_count
      54  TIMER0_B0_ISR
       2  TIMER0_B0_ISR::??INTVEC 86
     152  TIMER0_B1_ISR
       2  TIMER0_B1_ISR::??INTVEC 84
       2  Time_Sequence
       2  _A_PAIE_L
       2  _A_PBIE_L
       2  _A_TB0CCR0_L
       2  _A_TB0CCR1_L
       2  _A_TB0CCR2_L
       2  _A_TB0CCTL0_L
       2  _A_TB0CCTL1_L
       2  _A_TB0IV_L
       2  command_count
       2  debounce_count_SW1
       2  debounce_count_SW2
       2  display_count
       2  one_second_count
       2  one_second_flag

 
  16 bytes in segment DATA16_AN
  18 bytes in segment DATA16_Z
   4 bytes in segment INTVEC
 206 bytes in segment ISR_CODE
 
 206 bytes of CODE  memory
   0 bytes of CONST memory (+  4 bytes shared)
  18 bytes of DATA  memory (+ 16 bytes shared)

Errors: none
Warnings: 1
